SF:lib\pages\product_page.dart
DA:4,2
DA:6,0
DA:7,0
DA:10,0
DA:14,1
DA:16,1
DA:17,1
DA:18,1
DA:19,1
DA:21,1
DA:24,1
DA:25,1
DA:27,1
DA:38,1
DA:39,1
DA:41,1
DA:42,1
DA:43,1
DA:44,0
DA:45,0
DA:47,1
DA:51,1
DA:52,1
DA:53,1
DA:65,1
DA:67,1
DA:69,1
DA:70,1
DA:81,1
DA:83,1
DA:94,1
DA:96,1
DA:107,1
DA:109,1
DA:120,1
DA:134,1
DA:137,1
DA:139,1
DA:141,1
DA:144,1
DA:145,1
DA:146,1
DA:148,1
DA:149,1
DA:150,1
DA:153,1
DA:154,1
DA:155,1
DA:228,1
DA:230,1
LF:50
LH:45
end_of_record
SF:lib\main.dart
DA:8,0
DA:9,0
DA:13,1
DA:15,1
DA:17,1
DA:20,1
DA:21,1
DA:24,1
DA:25,1
DA:26,0
DA:27,0
DA:30,0
DA:43,1
DA:50,1
DA:52,1
DA:53,0
DA:54,0
DA:56,1
DA:58,1
DA:59,1
DA:60,1
DA:61,1
DA:63,1
DA:64,1
DA:65,1
DA:73,1
DA:75,1
DA:77,1
DA:78,1
DA:83,1
DA:84,1
LF:31
LH:24
end_of_record
SF:lib\pages\about_page.dart
DA:5,1
DA:7,0
DA:8,0
DA:11,0
DA:13,0
DA:14,0
LF:6
LH:1
end_of_record
SF:lib\page_layout.dart
DA:6,1
DA:8,0
DA:9,0
DA:12,0
DA:13,0
DA:16,0
DA:17,0
DA:20,0
DA:23,1
DA:25,1
DA:26,1
DA:27,1
DA:28,1
DA:30,1
DA:32,1
DA:33,1
DA:35,1
DA:45,1
DA:48,1
DA:49,1
DA:50,1
DA:51,0
DA:52,0
DA:54,1
DA:58,1
DA:59,1
DA:60,1
DA:72,1
DA:73,1
DA:75,1
DA:76,0
DA:77,0
DA:88,1
DA:89,0
DA:90,0
DA:99,0
DA:130,1
DA:131,1
DA:140,1
DA:141,1
DA:150,1
DA:151,0
DA:152,0
DA:166,1
DA:167,1
DA:169,1
DA:171,1
DA:172,1
DA:181,1
DA:183,1
DA:192,1
DA:194,1
DA:203,1
DA:215,1
DA:217,1
DA:221,1
DA:223,1
DA:225,1
DA:226,1
DA:227,1
DA:229,2
DA:231,0
DA:234,0
DA:256,0
DA:257,0
DA:262,1
DA:263,1
DA:282,1
DA:283,3
LF:69
LH:49
end_of_record
SF:lib\pages\home_page.dart
DA:7,1
DA:9,1
DA:10,1
DA:18,1
DA:19,1
DA:20,2
DA:21,1
DA:24,1
DA:25,2
DA:26,0
DA:27,0
DA:29,0
DA:32,0
DA:38,1
DA:40,2
DA:41,2
DA:42,1
DA:45,0
DA:49,1
DA:50,2
DA:52,1
DA:53,1
DA:54,1
DA:55,1
DA:56,2
DA:60,1
DA:61,1
DA:62,1
DA:67,1
DA:72,2
DA:73,1
DA:74,1
DA:83,1
DA:84,1
DA:93,1
DA:94,0
DA:95,0
DA:97,1
DA:104,1
DA:105,1
DA:113,1
DA:115,1
DA:116,1
DA:117,1
DA:119,1
DA:122,1
DA:123,1
DA:124,2
DA:125,0
DA:126,0
DA:127,0
DA:130,1
DA:131,3
DA:137,1
DA:139,1
DA:141,1
DA:142,1
DA:152,1
DA:156,4
DA:242,1
LF:60
LH:50
end_of_record
SF:lib\shop\clothing_page.dart
DA:6,1
DA:8,0
DA:9,0
DA:147,0
DA:148,0
DA:149,0
DA:152,0
DA:155,0
DA:159,0
DA:160,0
DA:161,0
DA:163,0
DA:164,0
DA:167,0
DA:170,0
DA:171,0
DA:174,0
DA:175,0
DA:176,0
DA:177,0
DA:182,0
DA:183,0
DA:184,0
DA:185,0
DA:190,0
DA:191,0
DA:192,0
DA:193,0
DA:198,0
DA:200,0
DA:201,0
DA:202,0
DA:203,0
DA:206,0
DA:207,0
DA:226,0
DA:235,0
DA:236,0
DA:243,0
DA:245,0
DA:251,0
DA:252,0
DA:254,0
DA:256,0
DA:257,0
DA:263,0
DA:270,0
DA:272,0
DA:279,0
DA:280,0
DA:282,0
DA:284,0
DA:285,0
DA:296,0
DA:298,0
DA:300,0
DA:307,0
DA:308,0
DA:309,0
DA:310,0
DA:311,0
DA:313,0
DA:315,0
DA:317,0
DA:319,0
DA:320,0
DA:322,0
DA:325,0
DA:327,0
DA:328,0
DA:335,0
DA:337,0
LF:72
LH:1
end_of_record
